INFO 2025-06-29 21:21:35,931 autoreload Watching for file changes with StatReloader
INFO 2025-06-29 21:23:31,551 autoreload Watching for file changes with StatReloader
INFO 2025-06-29 21:24:46,254 autoreload Watching for file changes with StatReloader
INFO 2025-06-29 21:29:14,686 autoreload E:\PRACTICE\PORTFOLIOS\LIVE\portfolio_django\portfolio_django\settings.py changed, reloading.
INFO 2025-06-29 21:29:14,796 autoreload E:\PRACTICE\PORTFOLIOS\LIVE\portfolio_django\portfolio_django\settings.py changed, reloading.
INFO 2025-06-29 21:29:15,617 autoreload Watching for file changes with StatReloader
INFO 2025-06-29 21:29:15,617 autoreload Watching for file changes with StatReloader
INFO 2025-06-29 21:33:10,609 autoreload E:\PRACTICE\PORTFOLIOS\LIVE\portfolio_django\portfolio_django\settings.py changed, reloading.
INFO 2025-06-29 21:33:10,609 autoreload E:\PRACTICE\PORTFOLIOS\LIVE\portfolio_django\portfolio_django\settings.py changed, reloading.
INFO 2025-06-29 21:33:11,144 autoreload Watching for file changes with StatReloader
INFO 2025-06-29 21:33:17,861 autoreload Watching for file changes with StatReloader
INFO 2025-06-29 21:33:39,732 autoreload E:\PRACTICE\PORTFOLIOS\LIVE\portfolio_django\portfolio_django\settings.py changed, reloading.
INFO 2025-06-29 21:33:40,269 autoreload E:\PRACTICE\PORTFOLIOS\LIVE\portfolio_django\portfolio_django\settings.py changed, reloading.
INFO 2025-06-29 21:33:40,331 autoreload Watching for file changes with StatReloader
INFO 2025-06-29 21:33:40,845 autoreload Watching for file changes with StatReloader
INFO 2025-06-29 21:33:54,048 autoreload Watching for file changes with StatReloader
INFO 2025-06-29 21:45:16,374 autoreload Watching for file changes with StatReloader
INFO 2025-06-29 21:47:06,540 autoreload Watching for file changes with StatReloader
INFO 2025-06-29 21:47:32,891 autoreload Watching for file changes with StatReloader
INFO 2025-06-29 21:47:43,046 autoreload Watching for file changes with StatReloader
INFO 2025-06-29 21:48:47,163 autoreload E:\PRACTICE\PORTFOLIOS\LIVE\portfolio_django\portfolio_django\settings.py changed, reloading.
INFO 2025-06-29 21:48:48,095 autoreload Watching for file changes with StatReloader
INFO 2025-06-29 21:48:47,578 autoreload E:\PRACTICE\PORTFOLIOS\LIVE\portfolio_django\portfolio_django\settings.py changed, reloading.
INFO 2025-06-29 21:48:51,409 autoreload Watching for file changes with StatReloader
INFO 2025-06-29 21:49:01,033 autoreload E:\PRACTICE\PORTFOLIOS\LIVE\portfolio_django\portfolio_django\settings.py changed, reloading.
INFO 2025-06-29 21:49:01,847 autoreload E:\PRACTICE\PORTFOLIOS\LIVE\portfolio_django\portfolio_django\settings.py changed, reloading.
INFO 2025-06-29 21:49:10,759 autoreload Watching for file changes with StatReloader
INFO 2025-06-29 21:49:16,167 autoreload E:\PRACTICE\PORTFOLIOS\LIVE\portfolio_django\portfolio_django\settings.py changed, reloading.
INFO 2025-06-29 21:49:16,740 autoreload Watching for file changes with StatReloader
INFO 2025-06-29 21:49:46,721 autoreload E:\PRACTICE\PORTFOLIOS\LIVE\portfolio_django\portfolio_django\settings.py changed, reloading.
INFO 2025-06-29 21:49:47,304 autoreload Watching for file changes with StatReloader
INFO 2025-06-29 21:49:56,944 autoreload E:\PRACTICE\PORTFOLIOS\LIVE\portfolio_django\portfolio_django\settings.py changed, reloading.
INFO 2025-06-29 21:49:57,491 autoreload Watching for file changes with StatReloader
INFO 2025-06-29 22:00:10,943 autoreload E:\PRACTICE\PORTFOLIOS\LIVE\portfolio_django\portfolio_django\settings.py changed, reloading.
INFO 2025-06-29 22:00:11,953 autoreload Watching for file changes with StatReloader
INFO 2025-06-29 22:00:47,986 autoreload E:\PRACTICE\PORTFOLIOS\LIVE\portfolio_django\portfolio_django\settings.py changed, reloading.
INFO 2025-06-29 22:00:48,462 autoreload Watching for file changes with StatReloader
INFO 2025-06-29 22:19:09,133 autoreload E:\PRACTICE\PORTFOLIOS\LIVE\portfolio_django\portfolio_django\settings.py changed, reloading.
INFO 2025-06-29 22:19:10,236 autoreload Watching for file changes with StatReloader
INFO 2025-06-29 22:19:22,816 autoreload E:\PRACTICE\PORTFOLIOS\LIVE\portfolio_django\portfolio_django\settings.py changed, reloading.
INFO 2025-06-29 22:19:23,348 autoreload Watching for file changes with StatReloader
INFO 2025-06-29 22:19:25,754 autoreload E:\PRACTICE\PORTFOLIOS\LIVE\portfolio_django\portfolio_django\settings.py changed, reloading.
INFO 2025-06-29 22:19:26,317 autoreload Watching for file changes with StatReloader
INFO 2025-06-29 22:19:36,698 autoreload Watching for file changes with StatReloader
INFO 2025-06-29 22:19:46,211 autoreload E:\PRACTICE\PORTFOLIOS\LIVE\portfolio_django\portfolio_django\settings.py changed, reloading.
INFO 2025-06-29 22:19:46,738 autoreload Watching for file changes with StatReloader
INFO 2025-06-29 22:19:56,429 autoreload E:\PRACTICE\PORTFOLIOS\LIVE\portfolio_django\portfolio_django\settings.py changed, reloading.
INFO 2025-06-29 22:20:09,110 autoreload Watching for file changes with StatReloader
INFO 2025-06-29 22:20:32,104 autoreload Watching for file changes with StatReloader
INFO 2025-06-29 22:20:45,799 autoreload E:\PRACTICE\PORTFOLIOS\LIVE\portfolio_django\portfolio_django\settings.py changed, reloading.
INFO 2025-06-29 22:20:46,344 autoreload Watching for file changes with StatReloader
INFO 2025-06-29 22:20:59,790 autoreload Watching for file changes with StatReloader
INFO 2025-06-29 22:21:13,471 autoreload E:\PRACTICE\PORTFOLIOS\LIVE\portfolio_django\portfolio_django\settings.py changed, reloading.
INFO 2025-06-29 22:21:13,973 autoreload Watching for file changes with StatReloader
INFO 2025-06-29 22:21:20,433 autoreload E:\PRACTICE\PORTFOLIOS\LIVE\portfolio_django\portfolio_django\settings.py changed, reloading.
INFO 2025-06-29 22:21:20,936 autoreload Watching for file changes with StatReloader
INFO 2025-06-29 22:21:27,514 autoreload E:\PRACTICE\PORTFOLIOS\LIVE\portfolio_django\portfolio_django\settings.py changed, reloading.
INFO 2025-06-29 22:21:27,992 autoreload Watching for file changes with StatReloader
INFO 2025-06-29 22:21:29,331 autoreload E:\PRACTICE\PORTFOLIOS\LIVE\portfolio_django\portfolio_django\settings.py changed, reloading.
INFO 2025-06-29 22:21:29,826 autoreload Watching for file changes with StatReloader
INFO 2025-06-29 22:21:32,199 autoreload E:\PRACTICE\PORTFOLIOS\LIVE\portfolio_django\portfolio_django\settings.py changed, reloading.
INFO 2025-06-29 22:21:32,718 autoreload Watching for file changes with StatReloader
INFO 2025-06-29 22:21:36,106 autoreload E:\PRACTICE\PORTFOLIOS\LIVE\portfolio_django\portfolio_django\settings.py changed, reloading.
INFO 2025-06-29 22:21:36,719 autoreload Watching for file changes with StatReloader
INFO 2025-06-29 22:26:45,770 autoreload E:\PRACTICE\PORTFOLIOS\LIVE\portfolio_django\portfolio_django\settings.py changed, reloading.
INFO 2025-06-29 22:26:46,345 autoreload Watching for file changes with StatReloader
INFO 2025-06-29 22:27:04,001 autoreload E:\PRACTICE\PORTFOLIOS\LIVE\portfolio_django\portfolio_django\settings.py changed, reloading.
INFO 2025-06-29 22:27:04,682 autoreload Watching for file changes with StatReloader
INFO 2025-07-01 11:54:28,558 autoreload Watching for file changes with StatReloader
INFO 2025-07-01 11:55:10,933 autoreload E:\PRACTICE\PORTFOLIOS\LIVE\portfolio_django\portfolio_app\models.py changed, reloading.
INFO 2025-07-01 11:55:12,127 autoreload Watching for file changes with StatReloader
INFO 2025-07-01 11:55:23,621 autoreload E:\PRACTICE\PORTFOLIOS\LIVE\portfolio_django\portfolio_app\views.py changed, reloading.
INFO 2025-07-01 11:55:24,232 autoreload Watching for file changes with StatReloader
INFO 2025-07-01 11:56:57,908 autoreload E:\PRACTICE\PORTFOLIOS\LIVE\portfolio_django\portfolio_app\views.py changed, reloading.
INFO 2025-07-01 11:56:58,689 autoreload Watching for file changes with StatReloader
INFO 2025-07-01 11:57:13,159 autoreload E:\PRACTICE\PORTFOLIOS\LIVE\portfolio_django\portfolio_app\models.py changed, reloading.
INFO 2025-07-01 11:57:13,947 autoreload Watching for file changes with StatReloader
INFO 2025-07-01 11:57:49,033 autoreload Watching for file changes with StatReloader
ERROR 2025-07-01 11:57:53,800 log Invalid HTTP_HOST header: 'localhost:8000'. You may need to add 'localhost' to ALLOWED_HOSTS.
Traceback (most recent call last):
  File "E:\PRACTICE\PORTFOLIOS\LIVE\portfolio_django\env\Lib\site-packages\django\core\handlers\exception.py", line 55, in inner
    response = get_response(request)
               ^^^^^^^^^^^^^^^^^^^^^
  File "E:\PRACTICE\PORTFOLIOS\LIVE\portfolio_django\env\Lib\site-packages\django\utils\deprecation.py", line 119, in __call__
    response = self.process_request(request)
               ^^^^^^^^^^^^^^^^^^^^^^^^^^^^^
  File "E:\PRACTICE\PORTFOLIOS\LIVE\portfolio_django\env\Lib\site-packages\django\middleware\common.py", line 48, in process_request
    host = request.get_host()
           ^^^^^^^^^^^^^^^^^^
  File "E:\PRACTICE\PORTFOLIOS\LIVE\portfolio_django\env\Lib\site-packages\django\http\request.py", line 191, in get_host
    raise DisallowedHost(msg)
django.core.exceptions.DisallowedHost: Invalid HTTP_HOST header: 'localhost:8000'. You may need to add 'localhost' to ALLOWED_HOSTS.
ERROR 2025-07-01 11:57:54,170 log Invalid HTTP_HOST header: 'localhost:8000'. You may need to add 'localhost' to ALLOWED_HOSTS.
Traceback (most recent call last):
  File "E:\PRACTICE\PORTFOLIOS\LIVE\portfolio_django\env\Lib\site-packages\django\core\handlers\exception.py", line 55, in inner
    response = get_response(request)
               ^^^^^^^^^^^^^^^^^^^^^
  File "E:\PRACTICE\PORTFOLIOS\LIVE\portfolio_django\env\Lib\site-packages\django\utils\deprecation.py", line 119, in __call__
    response = self.process_request(request)
               ^^^^^^^^^^^^^^^^^^^^^^^^^^^^^
  File "E:\PRACTICE\PORTFOLIOS\LIVE\portfolio_django\env\Lib\site-packages\django\middleware\common.py", line 48, in process_request
    host = request.get_host()
           ^^^^^^^^^^^^^^^^^^
  File "E:\PRACTICE\PORTFOLIOS\LIVE\portfolio_django\env\Lib\site-packages\django\http\request.py", line 191, in get_host
    raise DisallowedHost(msg)
django.core.exceptions.DisallowedHost: Invalid HTTP_HOST header: 'localhost:8000'. You may need to add 'localhost' to ALLOWED_HOSTS.
ERROR 2025-07-01 11:57:54,473 log Invalid HTTP_HOST header: 'localhost:8000'. You may need to add 'localhost' to ALLOWED_HOSTS.
Traceback (most recent call last):
  File "E:\PRACTICE\PORTFOLIOS\LIVE\portfolio_django\env\Lib\site-packages\django\core\handlers\exception.py", line 55, in inner
    response = get_response(request)
               ^^^^^^^^^^^^^^^^^^^^^
  File "E:\PRACTICE\PORTFOLIOS\LIVE\portfolio_django\env\Lib\site-packages\django\utils\deprecation.py", line 119, in __call__
    response = self.process_request(request)
               ^^^^^^^^^^^^^^^^^^^^^^^^^^^^^
  File "E:\PRACTICE\PORTFOLIOS\LIVE\portfolio_django\env\Lib\site-packages\django\middleware\common.py", line 48, in process_request
    host = request.get_host()
           ^^^^^^^^^^^^^^^^^^
  File "E:\PRACTICE\PORTFOLIOS\LIVE\portfolio_django\env\Lib\site-packages\django\http\request.py", line 191, in get_host
    raise DisallowedHost(msg)
django.core.exceptions.DisallowedHost: Invalid HTTP_HOST header: 'localhost:8000'. You may need to add 'localhost' to ALLOWED_HOSTS.
INFO 2025-07-01 11:58:07,968 autoreload E:\PRACTICE\PORTFOLIOS\LIVE\portfolio_django\portfolio_app\urls.py changed, reloading.
INFO 2025-07-01 11:58:08,852 autoreload Watching for file changes with StatReloader
INFO 2025-07-01 11:58:10,228 autoreload E:\PRACTICE\PORTFOLIOS\LIVE\portfolio_django\portfolio_app\urls.py changed, reloading.
INFO 2025-07-01 11:58:10,835 autoreload Watching for file changes with StatReloader
INFO 2025-07-01 11:58:23,504 autoreload E:\PRACTICE\PORTFOLIOS\LIVE\portfolio_django\portfolio_app\models.py changed, reloading.
INFO 2025-07-01 11:58:24,242 autoreload Watching for file changes with StatReloader
INFO 2025-07-01 11:58:25,626 autoreload E:\PRACTICE\PORTFOLIOS\LIVE\portfolio_django\portfolio_app\models.py changed, reloading.
INFO 2025-07-01 11:58:26,323 autoreload Watching for file changes with StatReloader
WARNING 2025-07-01 11:58:53,962 log Not Found: /.well-known/appspecific/com.chrome.devtools.json
ERROR 2025-07-01 12:01:24,206 log Invalid HTTP_HOST header: 'localhost:8000'. You may need to add 'localhost' to ALLOWED_HOSTS.
Traceback (most recent call last):
  File "E:\PRACTICE\PORTFOLIOS\LIVE\portfolio_django\env\Lib\site-packages\django\core\handlers\exception.py", line 55, in inner
    response = get_response(request)
               ^^^^^^^^^^^^^^^^^^^^^
  File "E:\PRACTICE\PORTFOLIOS\LIVE\portfolio_django\env\Lib\site-packages\django\utils\deprecation.py", line 119, in __call__
    response = self.process_request(request)
               ^^^^^^^^^^^^^^^^^^^^^^^^^^^^^
  File "E:\PRACTICE\PORTFOLIOS\LIVE\portfolio_django\env\Lib\site-packages\django\middleware\common.py", line 48, in process_request
    host = request.get_host()
           ^^^^^^^^^^^^^^^^^^
  File "E:\PRACTICE\PORTFOLIOS\LIVE\portfolio_django\env\Lib\site-packages\django\http\request.py", line 191, in get_host
    raise DisallowedHost(msg)
django.core.exceptions.DisallowedHost: Invalid HTTP_HOST header: 'localhost:8000'. You may need to add 'localhost' to ALLOWED_HOSTS.
INFO 2025-07-01 12:02:03,204 autoreload E:\PRACTICE\PORTFOLIOS\LIVE\portfolio_django\portfolio_django\settings.py changed, reloading.
INFO 2025-07-01 12:02:03,910 autoreload Watching for file changes with StatReloader
INFO 2025-07-01 12:02:22,890 autoreload E:\PRACTICE\PORTFOLIOS\LIVE\portfolio_django\portfolio_django\settings.py changed, reloading.
INFO 2025-07-01 12:02:23,651 autoreload Watching for file changes with StatReloader
INFO 2025-07-01 12:02:28,135 autoreload E:\PRACTICE\PORTFOLIOS\LIVE\portfolio_django\portfolio_django\settings.py changed, reloading.
INFO 2025-07-01 12:02:28,872 autoreload Watching for file changes with StatReloader
INFO 2025-07-01 12:02:42,513 autoreload E:\PRACTICE\PORTFOLIOS\LIVE\portfolio_django\portfolio_django\settings.py changed, reloading.
INFO 2025-07-01 12:02:43,322 autoreload Watching for file changes with StatReloader
INFO 2025-07-01 12:02:45,769 autoreload E:\PRACTICE\PORTFOLIOS\LIVE\portfolio_django\portfolio_django\settings.py changed, reloading.
INFO 2025-07-01 12:02:46,597 autoreload Watching for file changes with StatReloader
INFO 2025-07-01 12:04:00,728 autoreload E:\PRACTICE\PORTFOLIOS\LIVE\portfolio_django\portfolio_app\models.py changed, reloading.
INFO 2025-07-01 12:04:01,408 autoreload Watching for file changes with StatReloader
INFO 2025-07-01 12:04:04,999 autoreload E:\PRACTICE\PORTFOLIOS\LIVE\portfolio_django\portfolio_app\models.py changed, reloading.
INFO 2025-07-01 12:04:05,768 autoreload Watching for file changes with StatReloader
INFO 2025-07-01 12:04:14,336 autoreload E:\PRACTICE\PORTFOLIOS\LIVE\portfolio_django\portfolio_app\views.py changed, reloading.
INFO 2025-07-01 12:04:14,993 autoreload Watching for file changes with StatReloader
INFO 2025-07-01 12:04:21,544 autoreload E:\PRACTICE\PORTFOLIOS\LIVE\portfolio_django\portfolio_app\urls.py changed, reloading.
INFO 2025-07-01 12:04:22,123 autoreload Watching for file changes with StatReloader
ERROR 2025-07-01 12:25:01,077 log Invalid HTTP_HOST header: 'localhost:8000'. You may need to add 'localhost' to ALLOWED_HOSTS.
Traceback (most recent call last):
  File "E:\PRACTICE\PORTFOLIOS\LIVE\portfolio_django\env\Lib\site-packages\django\core\handlers\exception.py", line 55, in inner
    response = get_response(request)
               ^^^^^^^^^^^^^^^^^^^^^
  File "E:\PRACTICE\PORTFOLIOS\LIVE\portfolio_django\env\Lib\site-packages\django\utils\deprecation.py", line 119, in __call__
    response = self.process_request(request)
               ^^^^^^^^^^^^^^^^^^^^^^^^^^^^^
  File "E:\PRACTICE\PORTFOLIOS\LIVE\portfolio_django\env\Lib\site-packages\django\middleware\common.py", line 48, in process_request
    host = request.get_host()
           ^^^^^^^^^^^^^^^^^^
  File "E:\PRACTICE\PORTFOLIOS\LIVE\portfolio_django\env\Lib\site-packages\django\http\request.py", line 191, in get_host
    raise DisallowedHost(msg)
django.core.exceptions.DisallowedHost: Invalid HTTP_HOST header: 'localhost:8000'. You may need to add 'localhost' to ALLOWED_HOSTS.
ERROR 2025-07-01 12:25:01,416 log Invalid HTTP_HOST header: 'localhost:8000'. You may need to add 'localhost' to ALLOWED_HOSTS.
Traceback (most recent call last):
  File "E:\PRACTICE\PORTFOLIOS\LIVE\portfolio_django\env\Lib\site-packages\django\core\handlers\exception.py", line 55, in inner
    response = get_response(request)
               ^^^^^^^^^^^^^^^^^^^^^
  File "E:\PRACTICE\PORTFOLIOS\LIVE\portfolio_django\env\Lib\site-packages\django\utils\deprecation.py", line 119, in __call__
    response = self.process_request(request)
               ^^^^^^^^^^^^^^^^^^^^^^^^^^^^^
  File "E:\PRACTICE\PORTFOLIOS\LIVE\portfolio_django\env\Lib\site-packages\django\middleware\common.py", line 48, in process_request
    host = request.get_host()
           ^^^^^^^^^^^^^^^^^^
  File "E:\PRACTICE\PORTFOLIOS\LIVE\portfolio_django\env\Lib\site-packages\django\http\request.py", line 191, in get_host
    raise DisallowedHost(msg)
django.core.exceptions.DisallowedHost: Invalid HTTP_HOST header: 'localhost:8000'. You may need to add 'localhost' to ALLOWED_HOSTS.
ERROR 2025-07-01 12:25:01,717 log Invalid HTTP_HOST header: 'localhost:8000'. You may need to add 'localhost' to ALLOWED_HOSTS.
Traceback (most recent call last):
  File "E:\PRACTICE\PORTFOLIOS\LIVE\portfolio_django\env\Lib\site-packages\django\core\handlers\exception.py", line 55, in inner
    response = get_response(request)
               ^^^^^^^^^^^^^^^^^^^^^
  File "E:\PRACTICE\PORTFOLIOS\LIVE\portfolio_django\env\Lib\site-packages\django\utils\deprecation.py", line 119, in __call__
    response = self.process_request(request)
               ^^^^^^^^^^^^^^^^^^^^^^^^^^^^^
  File "E:\PRACTICE\PORTFOLIOS\LIVE\portfolio_django\env\Lib\site-packages\django\middleware\common.py", line 48, in process_request
    host = request.get_host()
           ^^^^^^^^^^^^^^^^^^
  File "E:\PRACTICE\PORTFOLIOS\LIVE\portfolio_django\env\Lib\site-packages\django\http\request.py", line 191, in get_host
    raise DisallowedHost(msg)
django.core.exceptions.DisallowedHost: Invalid HTTP_HOST header: 'localhost:8000'. You may need to add 'localhost' to ALLOWED_HOSTS.
INFO 2025-07-01 12:27:11,681 autoreload E:\PRACTICE\PORTFOLIOS\LIVE\portfolio_django\portfolio_app\views.py changed, reloading.
INFO 2025-07-01 12:27:13,263 autoreload Watching for file changes with StatReloader
INFO 2025-07-01 12:30:04,950 autoreload E:\PRACTICE\PORTFOLIOS\LIVE\portfolio_django\portfolio_app\views.py changed, reloading.
INFO 2025-07-01 12:30:05,662 autoreload Watching for file changes with StatReloader
INFO 2025-07-01 12:30:11,313 autoreload E:\PRACTICE\PORTFOLIOS\LIVE\portfolio_django\portfolio_app\urls.py changed, reloading.
INFO 2025-07-01 12:30:11,872 autoreload Watching for file changes with StatReloader
INFO 2025-07-01 12:30:15,367 autoreload E:\PRACTICE\PORTFOLIOS\LIVE\portfolio_django\portfolio_app\models.py changed, reloading.
INFO 2025-07-01 12:30:16,068 autoreload Watching for file changes with StatReloader
WARNING 2025-07-01 12:30:28,751 log Not Found: /.well-known/appspecific/com.chrome.devtools.json
INFO 2025-07-01 12:31:26,755 autoreload Watching for file changes with StatReloader
WARNING 2025-07-01 12:31:28,928 log Not Found: /.well-known/appspecific/com.chrome.devtools.json
WARNING 2025-07-01 12:31:29,446 log Not Found: /.well-known/appspecific/com.chrome.devtools.json
INFO 2025-07-01 12:32:48,945 autoreload E:\PRACTICE\PORTFOLIOS\LIVE\portfolio_django\portfolio_app\urls.py changed, reloading.
INFO 2025-07-01 12:32:49,533 autoreload Watching for file changes with StatReloader
INFO 2025-07-01 12:33:50,267 autoreload E:\PRACTICE\PORTFOLIOS\LIVE\portfolio_django\portfolio_app\urls.py changed, reloading.
INFO 2025-07-01 12:33:50,990 autoreload Watching for file changes with StatReloader
INFO 2025-07-01 12:34:02,577 autoreload E:\PRACTICE\PORTFOLIOS\LIVE\portfolio_django\portfolio_app\views.py changed, reloading.
INFO 2025-07-01 12:34:03,126 autoreload Watching for file changes with StatReloader
INFO 2025-07-01 12:34:45,290 autoreload E:\PRACTICE\PORTFOLIOS\LIVE\portfolio_django\portfolio_app\views.py changed, reloading.
INFO 2025-07-01 12:34:45,846 autoreload Watching for file changes with StatReloader
INFO 2025-07-01 12:34:51,113 autoreload E:\PRACTICE\PORTFOLIOS\LIVE\portfolio_django\portfolio_app\urls.py changed, reloading.
INFO 2025-07-01 12:34:51,637 autoreload Watching for file changes with StatReloader
INFO 2025-07-01 12:34:53,028 autoreload E:\PRACTICE\PORTFOLIOS\LIVE\portfolio_django\portfolio_app\models.py changed, reloading.
INFO 2025-07-01 12:34:53,676 autoreload Watching for file changes with StatReloader
INFO 2025-07-01 12:38:30,577 autoreload E:\PRACTICE\PORTFOLIOS\LIVE\portfolio_django\portfolio_app\views.py changed, reloading.
INFO 2025-07-01 12:38:31,162 autoreload Watching for file changes with StatReloader
INFO 2025-07-01 12:38:44,828 autoreload E:\PRACTICE\PORTFOLIOS\LIVE\portfolio_django\portfolio_django\urls.py changed, reloading.
INFO 2025-07-01 12:38:45,328 autoreload Watching for file changes with StatReloader
INFO 2025-07-01 13:49:16,588 autoreload E:\PRACTICE\PORTFOLIOS\LIVE\portfolio_django\portfolio_app\views.py changed, reloading.
INFO 2025-07-01 13:49:17,982 autoreload Watching for file changes with StatReloader
ERROR 2025-07-01 13:49:59,440 log Internal Server Error: /admin/login/
Traceback (most recent call last):
  File "E:\PRACTICE\PORTFOLIOS\LIVE\portfolio_django\env\Lib\site-packages\django\core\handlers\exception.py", line 55, in inner
    response = get_response(request)
               ^^^^^^^^^^^^^^^^^^^^^
  File "E:\PRACTICE\PORTFOLIOS\LIVE\portfolio_django\env\Lib\site-packages\django\core\handlers\base.py", line 197, in _get_response
    response = wrapped_callback(request, *callback_args, **callback_kwargs)
               ^^^^^^^^^^^^^^^^^^^^^^^^^^^^^^^^^^^^^^^^^^^^^^^^^^^^^^^^^^^^
  File "E:\PRACTICE\PORTFOLIOS\LIVE\portfolio_django\portfolio_app\views.py", line 193, in admin_login_2fa
    return render(request, 'admin/login.html', context)
           ^^^^^^^^^^^^^^^^^^^^^^^^^^^^^^^^^^^^^^^^^^^^
  File "E:\PRACTICE\PORTFOLIOS\LIVE\portfolio_django\env\Lib\site-packages\django\shortcuts.py", line 25, in render
    content = loader.render_to_string(template_name, context, request, using=using)
              ^^^^^^^^^^^^^^^^^^^^^^^^^^^^^^^^^^^^^^^^^^^^^^^^^^^^^^^^^^^^^^^^^^^^^
  File "E:\PRACTICE\PORTFOLIOS\LIVE\portfolio_django\env\Lib\site-packages\django\template\loader.py", line 61, in render_to_string
    template = get_template(template_name, using=using)
               ^^^^^^^^^^^^^^^^^^^^^^^^^^^^^^^^^^^^^^^^
  File "E:\PRACTICE\PORTFOLIOS\LIVE\portfolio_django\env\Lib\site-packages\django\template\loader.py", line 15, in get_template
    return engine.get_template(template_name)
           ^^^^^^^^^^^^^^^^^^^^^^^^^^^^^^^^^^
  File "E:\PRACTICE\PORTFOLIOS\LIVE\portfolio_django\env\Lib\site-packages\django\template\backends\django.py", line 79, in get_template
    return Template(self.engine.get_template(template_name), self)
                    ^^^^^^^^^^^^^^^^^^^^^^^^^^^^^^^^^^^^^^^
  File "E:\PRACTICE\PORTFOLIOS\LIVE\portfolio_django\env\Lib\site-packages\django\template\engine.py", line 177, in get_template
    template, origin = self.find_template(template_name)
                       ^^^^^^^^^^^^^^^^^^^^^^^^^^^^^^^^^
  File "E:\PRACTICE\PORTFOLIOS\LIVE\portfolio_django\env\Lib\site-packages\django\template\engine.py", line 159, in find_template
    template = loader.get_template(name, skip=skip)
               ^^^^^^^^^^^^^^^^^^^^^^^^^^^^^^^^^^^^
  File "E:\PRACTICE\PORTFOLIOS\LIVE\portfolio_django\env\Lib\site-packages\django\template\loaders\cached.py", line 57, in get_template
    template = super().get_template(template_name, skip)
               ^^^^^^^^^^^^^^^^^^^^^^^^^^^^^^^^^^^^^^^^^
  File "E:\PRACTICE\PORTFOLIOS\LIVE\portfolio_django\env\Lib\site-packages\django\template\loaders\base.py", line 28, in get_template
    return Template(
           ^^^^^^^^^
  File "E:\PRACTICE\PORTFOLIOS\LIVE\portfolio_django\env\Lib\site-packages\django\template\base.py", line 154, in __init__
    self.nodelist = self.compile_nodelist()
                    ^^^^^^^^^^^^^^^^^^^^^^^
  File "E:\PRACTICE\PORTFOLIOS\LIVE\portfolio_django\env\Lib\site-packages\django\template\base.py", line 196, in compile_nodelist
    nodelist = parser.parse()
               ^^^^^^^^^^^^^^
  File "E:\PRACTICE\PORTFOLIOS\LIVE\portfolio_django\env\Lib\site-packages\django\template\base.py", line 518, in parse
    raise self.error(token, e)
  File "E:\PRACTICE\PORTFOLIOS\LIVE\portfolio_django\env\Lib\site-packages\django\template\base.py", line 516, in parse
    compiled_result = compile_func(self, token)
                      ^^^^^^^^^^^^^^^^^^^^^^^^^
  File "E:\PRACTICE\PORTFOLIOS\LIVE\portfolio_django\env\Lib\site-packages\django\template\loader_tags.py", line 299, in do_extends
    nodelist = parser.parse()
               ^^^^^^^^^^^^^^
  File "E:\PRACTICE\PORTFOLIOS\LIVE\portfolio_django\env\Lib\site-packages\django\template\base.py", line 518, in parse
    raise self.error(token, e)
  File "E:\PRACTICE\PORTFOLIOS\LIVE\portfolio_django\env\Lib\site-packages\django\template\base.py", line 516, in parse
    compiled_result = compile_func(self, token)
                      ^^^^^^^^^^^^^^^^^^^^^^^^^
  File "E:\PRACTICE\PORTFOLIOS\LIVE\portfolio_django\env\Lib\site-packages\django\template\defaulttags.py", line 962, in do_if
    nodelist = parser.parse(("elif", "else", "endif"))
               ^^^^^^^^^^^^^^^^^^^^^^^^^^^^^^^^^^^^^^^
  File "E:\PRACTICE\PORTFOLIOS\LIVE\portfolio_django\env\Lib\site-packages\django\template\base.py", line 523, in parse
    self.unclosed_block_tag(parse_until)
  File "E:\PRACTICE\PORTFOLIOS\LIVE\portfolio_django\env\Lib\site-packages\django\template\base.py", line 590, in unclosed_block_tag
    raise self.error(token, msg)
django.template.exceptions.TemplateSyntaxError: Unclosed tag on line 65: 'if'. Looking for one of: elif, else, endif.
WARNING 2025-07-01 13:49:59,560 log Not Found: /favicon.ico
ERROR 2025-07-01 13:50:00,227 log Internal Server Error: /admin/login/
Traceback (most recent call last):
  File "E:\PRACTICE\PORTFOLIOS\LIVE\portfolio_django\env\Lib\site-packages\django\core\handlers\exception.py", line 55, in inner
    response = get_response(request)
               ^^^^^^^^^^^^^^^^^^^^^
  File "E:\PRACTICE\PORTFOLIOS\LIVE\portfolio_django\env\Lib\site-packages\django\core\handlers\base.py", line 197, in _get_response
    response = wrapped_callback(request, *callback_args, **callback_kwargs)
               ^^^^^^^^^^^^^^^^^^^^^^^^^^^^^^^^^^^^^^^^^^^^^^^^^^^^^^^^^^^^
  File "E:\PRACTICE\PORTFOLIOS\LIVE\portfolio_django\portfolio_app\views.py", line 193, in admin_login_2fa
    return render(request, 'admin/login.html', context)
           ^^^^^^^^^^^^^^^^^^^^^^^^^^^^^^^^^^^^^^^^^^^^
  File "E:\PRACTICE\PORTFOLIOS\LIVE\portfolio_django\env\Lib\site-packages\django\shortcuts.py", line 25, in render
    content = loader.render_to_string(template_name, context, request, using=using)
              ^^^^^^^^^^^^^^^^^^^^^^^^^^^^^^^^^^^^^^^^^^^^^^^^^^^^^^^^^^^^^^^^^^^^^
  File "E:\PRACTICE\PORTFOLIOS\LIVE\portfolio_django\env\Lib\site-packages\django\template\loader.py", line 61, in render_to_string
    template = get_template(template_name, using=using)
               ^^^^^^^^^^^^^^^^^^^^^^^^^^^^^^^^^^^^^^^^
  File "E:\PRACTICE\PORTFOLIOS\LIVE\portfolio_django\env\Lib\site-packages\django\template\loader.py", line 15, in get_template
    return engine.get_template(template_name)
           ^^^^^^^^^^^^^^^^^^^^^^^^^^^^^^^^^^
  File "E:\PRACTICE\PORTFOLIOS\LIVE\portfolio_django\env\Lib\site-packages\django\template\backends\django.py", line 79, in get_template
    return Template(self.engine.get_template(template_name), self)
                    ^^^^^^^^^^^^^^^^^^^^^^^^^^^^^^^^^^^^^^^
  File "E:\PRACTICE\PORTFOLIOS\LIVE\portfolio_django\env\Lib\site-packages\django\template\engine.py", line 177, in get_template
    template, origin = self.find_template(template_name)
                       ^^^^^^^^^^^^^^^^^^^^^^^^^^^^^^^^^
  File "E:\PRACTICE\PORTFOLIOS\LIVE\portfolio_django\env\Lib\site-packages\django\template\engine.py", line 159, in find_template
    template = loader.get_template(name, skip=skip)
               ^^^^^^^^^^^^^^^^^^^^^^^^^^^^^^^^^^^^
  File "E:\PRACTICE\PORTFOLIOS\LIVE\portfolio_django\env\Lib\site-packages\django\template\loaders\cached.py", line 57, in get_template
    template = super().get_template(template_name, skip)
               ^^^^^^^^^^^^^^^^^^^^^^^^^^^^^^^^^^^^^^^^^
  File "E:\PRACTICE\PORTFOLIOS\LIVE\portfolio_django\env\Lib\site-packages\django\template\loaders\base.py", line 28, in get_template
    return Template(
           ^^^^^^^^^
  File "E:\PRACTICE\PORTFOLIOS\LIVE\portfolio_django\env\Lib\site-packages\django\template\base.py", line 154, in __init__
    self.nodelist = self.compile_nodelist()
                    ^^^^^^^^^^^^^^^^^^^^^^^
  File "E:\PRACTICE\PORTFOLIOS\LIVE\portfolio_django\env\Lib\site-packages\django\template\base.py", line 196, in compile_nodelist
    nodelist = parser.parse()
               ^^^^^^^^^^^^^^
  File "E:\PRACTICE\PORTFOLIOS\LIVE\portfolio_django\env\Lib\site-packages\django\template\base.py", line 518, in parse
    raise self.error(token, e)
  File "E:\PRACTICE\PORTFOLIOS\LIVE\portfolio_django\env\Lib\site-packages\django\template\base.py", line 516, in parse
    compiled_result = compile_func(self, token)
                      ^^^^^^^^^^^^^^^^^^^^^^^^^
  File "E:\PRACTICE\PORTFOLIOS\LIVE\portfolio_django\env\Lib\site-packages\django\template\loader_tags.py", line 299, in do_extends
    nodelist = parser.parse()
               ^^^^^^^^^^^^^^
  File "E:\PRACTICE\PORTFOLIOS\LIVE\portfolio_django\env\Lib\site-packages\django\template\base.py", line 518, in parse
    raise self.error(token, e)
  File "E:\PRACTICE\PORTFOLIOS\LIVE\portfolio_django\env\Lib\site-packages\django\template\base.py", line 516, in parse
    compiled_result = compile_func(self, token)
                      ^^^^^^^^^^^^^^^^^^^^^^^^^
  File "E:\PRACTICE\PORTFOLIOS\LIVE\portfolio_django\env\Lib\site-packages\django\template\defaulttags.py", line 962, in do_if
    nodelist = parser.parse(("elif", "else", "endif"))
               ^^^^^^^^^^^^^^^^^^^^^^^^^^^^^^^^^^^^^^^
  File "E:\PRACTICE\PORTFOLIOS\LIVE\portfolio_django\env\Lib\site-packages\django\template\base.py", line 523, in parse
    self.unclosed_block_tag(parse_until)
  File "E:\PRACTICE\PORTFOLIOS\LIVE\portfolio_django\env\Lib\site-packages\django\template\base.py", line 590, in unclosed_block_tag
    raise self.error(token, msg)
django.template.exceptions.TemplateSyntaxError: Unclosed tag on line 65: 'if'. Looking for one of: elif, else, endif.
WARNING 2025-07-01 13:50:00,310 log Not Found: /favicon.ico
ERROR 2025-07-01 13:50:00,990 log Internal Server Error: /admin/login/
Traceback (most recent call last):
  File "E:\PRACTICE\PORTFOLIOS\LIVE\portfolio_django\env\Lib\site-packages\django\core\handlers\exception.py", line 55, in inner
    response = get_response(request)
               ^^^^^^^^^^^^^^^^^^^^^
  File "E:\PRACTICE\PORTFOLIOS\LIVE\portfolio_django\env\Lib\site-packages\django\core\handlers\base.py", line 197, in _get_response
    response = wrapped_callback(request, *callback_args, **callback_kwargs)
               ^^^^^^^^^^^^^^^^^^^^^^^^^^^^^^^^^^^^^^^^^^^^^^^^^^^^^^^^^^^^
  File "E:\PRACTICE\PORTFOLIOS\LIVE\portfolio_django\portfolio_app\views.py", line 193, in admin_login_2fa
    return render(request, 'admin/login.html', context)
           ^^^^^^^^^^^^^^^^^^^^^^^^^^^^^^^^^^^^^^^^^^^^
  File "E:\PRACTICE\PORTFOLIOS\LIVE\portfolio_django\env\Lib\site-packages\django\shortcuts.py", line 25, in render
    content = loader.render_to_string(template_name, context, request, using=using)
              ^^^^^^^^^^^^^^^^^^^^^^^^^^^^^^^^^^^^^^^^^^^^^^^^^^^^^^^^^^^^^^^^^^^^^
  File "E:\PRACTICE\PORTFOLIOS\LIVE\portfolio_django\env\Lib\site-packages\django\template\loader.py", line 61, in render_to_string
    template = get_template(template_name, using=using)
               ^^^^^^^^^^^^^^^^^^^^^^^^^^^^^^^^^^^^^^^^
  File "E:\PRACTICE\PORTFOLIOS\LIVE\portfolio_django\env\Lib\site-packages\django\template\loader.py", line 15, in get_template
    return engine.get_template(template_name)
           ^^^^^^^^^^^^^^^^^^^^^^^^^^^^^^^^^^
  File "E:\PRACTICE\PORTFOLIOS\LIVE\portfolio_django\env\Lib\site-packages\django\template\backends\django.py", line 79, in get_template
    return Template(self.engine.get_template(template_name), self)
                    ^^^^^^^^^^^^^^^^^^^^^^^^^^^^^^^^^^^^^^^
  File "E:\PRACTICE\PORTFOLIOS\LIVE\portfolio_django\env\Lib\site-packages\django\template\engine.py", line 177, in get_template
    template, origin = self.find_template(template_name)
                       ^^^^^^^^^^^^^^^^^^^^^^^^^^^^^^^^^
  File "E:\PRACTICE\PORTFOLIOS\LIVE\portfolio_django\env\Lib\site-packages\django\template\engine.py", line 159, in find_template
    template = loader.get_template(name, skip=skip)
               ^^^^^^^^^^^^^^^^^^^^^^^^^^^^^^^^^^^^
  File "E:\PRACTICE\PORTFOLIOS\LIVE\portfolio_django\env\Lib\site-packages\django\template\loaders\cached.py", line 57, in get_template
    template = super().get_template(template_name, skip)
               ^^^^^^^^^^^^^^^^^^^^^^^^^^^^^^^^^^^^^^^^^
  File "E:\PRACTICE\PORTFOLIOS\LIVE\portfolio_django\env\Lib\site-packages\django\template\loaders\base.py", line 28, in get_template
    return Template(
           ^^^^^^^^^
  File "E:\PRACTICE\PORTFOLIOS\LIVE\portfolio_django\env\Lib\site-packages\django\template\base.py", line 154, in __init__
    self.nodelist = self.compile_nodelist()
                    ^^^^^^^^^^^^^^^^^^^^^^^
  File "E:\PRACTICE\PORTFOLIOS\LIVE\portfolio_django\env\Lib\site-packages\django\template\base.py", line 196, in compile_nodelist
    nodelist = parser.parse()
               ^^^^^^^^^^^^^^
  File "E:\PRACTICE\PORTFOLIOS\LIVE\portfolio_django\env\Lib\site-packages\django\template\base.py", line 518, in parse
    raise self.error(token, e)
  File "E:\PRACTICE\PORTFOLIOS\LIVE\portfolio_django\env\Lib\site-packages\django\template\base.py", line 516, in parse
    compiled_result = compile_func(self, token)
                      ^^^^^^^^^^^^^^^^^^^^^^^^^
  File "E:\PRACTICE\PORTFOLIOS\LIVE\portfolio_django\env\Lib\site-packages\django\template\loader_tags.py", line 299, in do_extends
    nodelist = parser.parse()
               ^^^^^^^^^^^^^^
  File "E:\PRACTICE\PORTFOLIOS\LIVE\portfolio_django\env\Lib\site-packages\django\template\base.py", line 518, in parse
    raise self.error(token, e)
  File "E:\PRACTICE\PORTFOLIOS\LIVE\portfolio_django\env\Lib\site-packages\django\template\base.py", line 516, in parse
    compiled_result = compile_func(self, token)
                      ^^^^^^^^^^^^^^^^^^^^^^^^^
  File "E:\PRACTICE\PORTFOLIOS\LIVE\portfolio_django\env\Lib\site-packages\django\template\defaulttags.py", line 962, in do_if
    nodelist = parser.parse(("elif", "else", "endif"))
               ^^^^^^^^^^^^^^^^^^^^^^^^^^^^^^^^^^^^^^^
  File "E:\PRACTICE\PORTFOLIOS\LIVE\portfolio_django\env\Lib\site-packages\django\template\base.py", line 523, in parse
    self.unclosed_block_tag(parse_until)
  File "E:\PRACTICE\PORTFOLIOS\LIVE\portfolio_django\env\Lib\site-packages\django\template\base.py", line 590, in unclosed_block_tag
    raise self.error(token, msg)
django.template.exceptions.TemplateSyntaxError: Unclosed tag on line 65: 'if'. Looking for one of: elif, else, endif.
WARNING 2025-07-01 13:50:01,071 log Not Found: /favicon.ico
ERROR 2025-07-01 13:50:12,692 log Internal Server Error: /admin/login/
Traceback (most recent call last):
  File "E:\PRACTICE\PORTFOLIOS\LIVE\portfolio_django\env\Lib\site-packages\django\core\handlers\exception.py", line 55, in inner
    response = get_response(request)
               ^^^^^^^^^^^^^^^^^^^^^
  File "E:\PRACTICE\PORTFOLIOS\LIVE\portfolio_django\env\Lib\site-packages\django\core\handlers\base.py", line 197, in _get_response
    response = wrapped_callback(request, *callback_args, **callback_kwargs)
               ^^^^^^^^^^^^^^^^^^^^^^^^^^^^^^^^^^^^^^^^^^^^^^^^^^^^^^^^^^^^
  File "E:\PRACTICE\PORTFOLIOS\LIVE\portfolio_django\portfolio_app\views.py", line 193, in admin_login_2fa
    return render(request, 'admin/login.html', context)
           ^^^^^^^^^^^^^^^^^^^^^^^^^^^^^^^^^^^^^^^^^^^^
  File "E:\PRACTICE\PORTFOLIOS\LIVE\portfolio_django\env\Lib\site-packages\django\shortcuts.py", line 25, in render
    content = loader.render_to_string(template_name, context, request, using=using)
              ^^^^^^^^^^^^^^^^^^^^^^^^^^^^^^^^^^^^^^^^^^^^^^^^^^^^^^^^^^^^^^^^^^^^^
  File "E:\PRACTICE\PORTFOLIOS\LIVE\portfolio_django\env\Lib\site-packages\django\template\loader.py", line 61, in render_to_string
    template = get_template(template_name, using=using)
               ^^^^^^^^^^^^^^^^^^^^^^^^^^^^^^^^^^^^^^^^
  File "E:\PRACTICE\PORTFOLIOS\LIVE\portfolio_django\env\Lib\site-packages\django\template\loader.py", line 15, in get_template
    return engine.get_template(template_name)
           ^^^^^^^^^^^^^^^^^^^^^^^^^^^^^^^^^^
  File "E:\PRACTICE\PORTFOLIOS\LIVE\portfolio_django\env\Lib\site-packages\django\template\backends\django.py", line 79, in get_template
    return Template(self.engine.get_template(template_name), self)
                    ^^^^^^^^^^^^^^^^^^^^^^^^^^^^^^^^^^^^^^^
  File "E:\PRACTICE\PORTFOLIOS\LIVE\portfolio_django\env\Lib\site-packages\django\template\engine.py", line 177, in get_template
    template, origin = self.find_template(template_name)
                       ^^^^^^^^^^^^^^^^^^^^^^^^^^^^^^^^^
  File "E:\PRACTICE\PORTFOLIOS\LIVE\portfolio_django\env\Lib\site-packages\django\template\engine.py", line 159, in find_template
    template = loader.get_template(name, skip=skip)
               ^^^^^^^^^^^^^^^^^^^^^^^^^^^^^^^^^^^^
  File "E:\PRACTICE\PORTFOLIOS\LIVE\portfolio_django\env\Lib\site-packages\django\template\loaders\cached.py", line 57, in get_template
    template = super().get_template(template_name, skip)
               ^^^^^^^^^^^^^^^^^^^^^^^^^^^^^^^^^^^^^^^^^
  File "E:\PRACTICE\PORTFOLIOS\LIVE\portfolio_django\env\Lib\site-packages\django\template\loaders\base.py", line 28, in get_template
    return Template(
           ^^^^^^^^^
  File "E:\PRACTICE\PORTFOLIOS\LIVE\portfolio_django\env\Lib\site-packages\django\template\base.py", line 154, in __init__
    self.nodelist = self.compile_nodelist()
                    ^^^^^^^^^^^^^^^^^^^^^^^
  File "E:\PRACTICE\PORTFOLIOS\LIVE\portfolio_django\env\Lib\site-packages\django\template\base.py", line 196, in compile_nodelist
    nodelist = parser.parse()
               ^^^^^^^^^^^^^^
  File "E:\PRACTICE\PORTFOLIOS\LIVE\portfolio_django\env\Lib\site-packages\django\template\base.py", line 518, in parse
    raise self.error(token, e)
  File "E:\PRACTICE\PORTFOLIOS\LIVE\portfolio_django\env\Lib\site-packages\django\template\base.py", line 516, in parse
    compiled_result = compile_func(self, token)
                      ^^^^^^^^^^^^^^^^^^^^^^^^^
  File "E:\PRACTICE\PORTFOLIOS\LIVE\portfolio_django\env\Lib\site-packages\django\template\loader_tags.py", line 299, in do_extends
    nodelist = parser.parse()
               ^^^^^^^^^^^^^^
  File "E:\PRACTICE\PORTFOLIOS\LIVE\portfolio_django\env\Lib\site-packages\django\template\base.py", line 518, in parse
    raise self.error(token, e)
  File "E:\PRACTICE\PORTFOLIOS\LIVE\portfolio_django\env\Lib\site-packages\django\template\base.py", line 516, in parse
    compiled_result = compile_func(self, token)
                      ^^^^^^^^^^^^^^^^^^^^^^^^^
  File "E:\PRACTICE\PORTFOLIOS\LIVE\portfolio_django\env\Lib\site-packages\django\template\defaulttags.py", line 962, in do_if
    nodelist = parser.parse(("elif", "else", "endif"))
               ^^^^^^^^^^^^^^^^^^^^^^^^^^^^^^^^^^^^^^^
  File "E:\PRACTICE\PORTFOLIOS\LIVE\portfolio_django\env\Lib\site-packages\django\template\base.py", line 523, in parse
    self.unclosed_block_tag(parse_until)
  File "E:\PRACTICE\PORTFOLIOS\LIVE\portfolio_django\env\Lib\site-packages\django\template\base.py", line 590, in unclosed_block_tag
    raise self.error(token, msg)
django.template.exceptions.TemplateSyntaxError: Unclosed tag on line 65: 'if'. Looking for one of: elif, else, endif.
WARNING 2025-07-01 13:50:12,780 log Not Found: /favicon.ico
ERROR 2025-07-01 13:50:13,364 log Internal Server Error: /admin/login/
Traceback (most recent call last):
  File "E:\PRACTICE\PORTFOLIOS\LIVE\portfolio_django\env\Lib\site-packages\django\core\handlers\exception.py", line 55, in inner
    response = get_response(request)
               ^^^^^^^^^^^^^^^^^^^^^
  File "E:\PRACTICE\PORTFOLIOS\LIVE\portfolio_django\env\Lib\site-packages\django\core\handlers\base.py", line 197, in _get_response
    response = wrapped_callback(request, *callback_args, **callback_kwargs)
               ^^^^^^^^^^^^^^^^^^^^^^^^^^^^^^^^^^^^^^^^^^^^^^^^^^^^^^^^^^^^
  File "E:\PRACTICE\PORTFOLIOS\LIVE\portfolio_django\portfolio_app\views.py", line 193, in admin_login_2fa
    return render(request, 'admin/login.html', context)
           ^^^^^^^^^^^^^^^^^^^^^^^^^^^^^^^^^^^^^^^^^^^^
  File "E:\PRACTICE\PORTFOLIOS\LIVE\portfolio_django\env\Lib\site-packages\django\shortcuts.py", line 25, in render
    content = loader.render_to_string(template_name, context, request, using=using)
              ^^^^^^^^^^^^^^^^^^^^^^^^^^^^^^^^^^^^^^^^^^^^^^^^^^^^^^^^^^^^^^^^^^^^^
  File "E:\PRACTICE\PORTFOLIOS\LIVE\portfolio_django\env\Lib\site-packages\django\template\loader.py", line 61, in render_to_string
    template = get_template(template_name, using=using)
               ^^^^^^^^^^^^^^^^^^^^^^^^^^^^^^^^^^^^^^^^
  File "E:\PRACTICE\PORTFOLIOS\LIVE\portfolio_django\env\Lib\site-packages\django\template\loader.py", line 15, in get_template
    return engine.get_template(template_name)
           ^^^^^^^^^^^^^^^^^^^^^^^^^^^^^^^^^^
  File "E:\PRACTICE\PORTFOLIOS\LIVE\portfolio_django\env\Lib\site-packages\django\template\backends\django.py", line 79, in get_template
    return Template(self.engine.get_template(template_name), self)
                    ^^^^^^^^^^^^^^^^^^^^^^^^^^^^^^^^^^^^^^^
  File "E:\PRACTICE\PORTFOLIOS\LIVE\portfolio_django\env\Lib\site-packages\django\template\engine.py", line 177, in get_template
    template, origin = self.find_template(template_name)
                       ^^^^^^^^^^^^^^^^^^^^^^^^^^^^^^^^^
  File "E:\PRACTICE\PORTFOLIOS\LIVE\portfolio_django\env\Lib\site-packages\django\template\engine.py", line 159, in find_template
    template = loader.get_template(name, skip=skip)
               ^^^^^^^^^^^^^^^^^^^^^^^^^^^^^^^^^^^^
  File "E:\PRACTICE\PORTFOLIOS\LIVE\portfolio_django\env\Lib\site-packages\django\template\loaders\cached.py", line 57, in get_template
    template = super().get_template(template_name, skip)
               ^^^^^^^^^^^^^^^^^^^^^^^^^^^^^^^^^^^^^^^^^
  File "E:\PRACTICE\PORTFOLIOS\LIVE\portfolio_django\env\Lib\site-packages\django\template\loaders\base.py", line 28, in get_template
    return Template(
           ^^^^^^^^^
  File "E:\PRACTICE\PORTFOLIOS\LIVE\portfolio_django\env\Lib\site-packages\django\template\base.py", line 154, in __init__
    self.nodelist = self.compile_nodelist()
                    ^^^^^^^^^^^^^^^^^^^^^^^
  File "E:\PRACTICE\PORTFOLIOS\LIVE\portfolio_django\env\Lib\site-packages\django\template\base.py", line 196, in compile_nodelist
    nodelist = parser.parse()
               ^^^^^^^^^^^^^^
  File "E:\PRACTICE\PORTFOLIOS\LIVE\portfolio_django\env\Lib\site-packages\django\template\base.py", line 518, in parse
    raise self.error(token, e)
  File "E:\PRACTICE\PORTFOLIOS\LIVE\portfolio_django\env\Lib\site-packages\django\template\base.py", line 516, in parse
    compiled_result = compile_func(self, token)
                      ^^^^^^^^^^^^^^^^^^^^^^^^^
  File "E:\PRACTICE\PORTFOLIOS\LIVE\portfolio_django\env\Lib\site-packages\django\template\loader_tags.py", line 299, in do_extends
    nodelist = parser.parse()
               ^^^^^^^^^^^^^^
  File "E:\PRACTICE\PORTFOLIOS\LIVE\portfolio_django\env\Lib\site-packages\django\template\base.py", line 518, in parse
    raise self.error(token, e)
  File "E:\PRACTICE\PORTFOLIOS\LIVE\portfolio_django\env\Lib\site-packages\django\template\base.py", line 516, in parse
    compiled_result = compile_func(self, token)
                      ^^^^^^^^^^^^^^^^^^^^^^^^^
  File "E:\PRACTICE\PORTFOLIOS\LIVE\portfolio_django\env\Lib\site-packages\django\template\defaulttags.py", line 962, in do_if
    nodelist = parser.parse(("elif", "else", "endif"))
               ^^^^^^^^^^^^^^^^^^^^^^^^^^^^^^^^^^^^^^^
  File "E:\PRACTICE\PORTFOLIOS\LIVE\portfolio_django\env\Lib\site-packages\django\template\base.py", line 523, in parse
    self.unclosed_block_tag(parse_until)
  File "E:\PRACTICE\PORTFOLIOS\LIVE\portfolio_django\env\Lib\site-packages\django\template\base.py", line 590, in unclosed_block_tag
    raise self.error(token, msg)
django.template.exceptions.TemplateSyntaxError: Unclosed tag on line 65: 'if'. Looking for one of: elif, else, endif.
WARNING 2025-07-01 13:50:13,465 log Not Found: /favicon.ico
ERROR 2025-07-01 13:50:14,003 log Internal Server Error: /admin/login/
Traceback (most recent call last):
  File "E:\PRACTICE\PORTFOLIOS\LIVE\portfolio_django\env\Lib\site-packages\django\core\handlers\exception.py", line 55, in inner
    response = get_response(request)
               ^^^^^^^^^^^^^^^^^^^^^
  File "E:\PRACTICE\PORTFOLIOS\LIVE\portfolio_django\env\Lib\site-packages\django\core\handlers\base.py", line 197, in _get_response
    response = wrapped_callback(request, *callback_args, **callback_kwargs)
               ^^^^^^^^^^^^^^^^^^^^^^^^^^^^^^^^^^^^^^^^^^^^^^^^^^^^^^^^^^^^
  File "E:\PRACTICE\PORTFOLIOS\LIVE\portfolio_django\portfolio_app\views.py", line 193, in admin_login_2fa
    return render(request, 'admin/login.html', context)
           ^^^^^^^^^^^^^^^^^^^^^^^^^^^^^^^^^^^^^^^^^^^^
  File "E:\PRACTICE\PORTFOLIOS\LIVE\portfolio_django\env\Lib\site-packages\django\shortcuts.py", line 25, in render
    content = loader.render_to_string(template_name, context, request, using=using)
              ^^^^^^^^^^^^^^^^^^^^^^^^^^^^^^^^^^^^^^^^^^^^^^^^^^^^^^^^^^^^^^^^^^^^^
  File "E:\PRACTICE\PORTFOLIOS\LIVE\portfolio_django\env\Lib\site-packages\django\template\loader.py", line 61, in render_to_string
    template = get_template(template_name, using=using)
               ^^^^^^^^^^^^^^^^^^^^^^^^^^^^^^^^^^^^^^^^
  File "E:\PRACTICE\PORTFOLIOS\LIVE\portfolio_django\env\Lib\site-packages\django\template\loader.py", line 15, in get_template
    return engine.get_template(template_name)
           ^^^^^^^^^^^^^^^^^^^^^^^^^^^^^^^^^^
  File "E:\PRACTICE\PORTFOLIOS\LIVE\portfolio_django\env\Lib\site-packages\django\template\backends\django.py", line 79, in get_template
    return Template(self.engine.get_template(template_name), self)
                    ^^^^^^^^^^^^^^^^^^^^^^^^^^^^^^^^^^^^^^^
  File "E:\PRACTICE\PORTFOLIOS\LIVE\portfolio_django\env\Lib\site-packages\django\template\engine.py", line 177, in get_template
    template, origin = self.find_template(template_name)
                       ^^^^^^^^^^^^^^^^^^^^^^^^^^^^^^^^^
  File "E:\PRACTICE\PORTFOLIOS\LIVE\portfolio_django\env\Lib\site-packages\django\template\engine.py", line 159, in find_template
    template = loader.get_template(name, skip=skip)
               ^^^^^^^^^^^^^^^^^^^^^^^^^^^^^^^^^^^^
  File "E:\PRACTICE\PORTFOLIOS\LIVE\portfolio_django\env\Lib\site-packages\django\template\loaders\cached.py", line 57, in get_template
    template = super().get_template(template_name, skip)
               ^^^^^^^^^^^^^^^^^^^^^^^^^^^^^^^^^^^^^^^^^
  File "E:\PRACTICE\PORTFOLIOS\LIVE\portfolio_django\env\Lib\site-packages\django\template\loaders\base.py", line 28, in get_template
    return Template(
           ^^^^^^^^^
  File "E:\PRACTICE\PORTFOLIOS\LIVE\portfolio_django\env\Lib\site-packages\django\template\base.py", line 154, in __init__
    self.nodelist = self.compile_nodelist()
                    ^^^^^^^^^^^^^^^^^^^^^^^
  File "E:\PRACTICE\PORTFOLIOS\LIVE\portfolio_django\env\Lib\site-packages\django\template\base.py", line 196, in compile_nodelist
    nodelist = parser.parse()
               ^^^^^^^^^^^^^^
  File "E:\PRACTICE\PORTFOLIOS\LIVE\portfolio_django\env\Lib\site-packages\django\template\base.py", line 518, in parse
    raise self.error(token, e)
  File "E:\PRACTICE\PORTFOLIOS\LIVE\portfolio_django\env\Lib\site-packages\django\template\base.py", line 516, in parse
    compiled_result = compile_func(self, token)
                      ^^^^^^^^^^^^^^^^^^^^^^^^^
  File "E:\PRACTICE\PORTFOLIOS\LIVE\portfolio_django\env\Lib\site-packages\django\template\loader_tags.py", line 299, in do_extends
    nodelist = parser.parse()
               ^^^^^^^^^^^^^^
  File "E:\PRACTICE\PORTFOLIOS\LIVE\portfolio_django\env\Lib\site-packages\django\template\base.py", line 518, in parse
    raise self.error(token, e)
  File "E:\PRACTICE\PORTFOLIOS\LIVE\portfolio_django\env\Lib\site-packages\django\template\base.py", line 516, in parse
    compiled_result = compile_func(self, token)
                      ^^^^^^^^^^^^^^^^^^^^^^^^^
  File "E:\PRACTICE\PORTFOLIOS\LIVE\portfolio_django\env\Lib\site-packages\django\template\defaulttags.py", line 962, in do_if
    nodelist = parser.parse(("elif", "else", "endif"))
               ^^^^^^^^^^^^^^^^^^^^^^^^^^^^^^^^^^^^^^^
  File "E:\PRACTICE\PORTFOLIOS\LIVE\portfolio_django\env\Lib\site-packages\django\template\base.py", line 523, in parse
    self.unclosed_block_tag(parse_until)
  File "E:\PRACTICE\PORTFOLIOS\LIVE\portfolio_django\env\Lib\site-packages\django\template\base.py", line 590, in unclosed_block_tag
    raise self.error(token, msg)
django.template.exceptions.TemplateSyntaxError: Unclosed tag on line 65: 'if'. Looking for one of: elif, else, endif.
WARNING 2025-07-01 13:50:14,082 log Not Found: /favicon.ico
WARNING 2025-07-01 13:51:26,532 log Not Found: /.well-known/appspecific/com.chrome.devtools.json
WARNING 2025-07-01 13:51:52,768 log Not Found: /.well-known/appspecific/com.chrome.devtools.json
WARNING 2025-07-01 13:57:41,267 log Not Found: /.well-known/appspecific/com.chrome.devtools.json
WARNING 2025-07-01 13:58:25,212 log Not Found: /.well-known/appspecific/com.chrome.devtools.json
INFO 2025-07-01 14:00:16,971 autoreload E:\PRACTICE\PORTFOLIOS\LIVE\portfolio_django\portfolio_app\views.py changed, reloading.
INFO 2025-07-01 14:00:17,684 autoreload Watching for file changes with StatReloader
INFO 2025-07-01 14:00:53,069 autoreload E:\PRACTICE\PORTFOLIOS\LIVE\portfolio_django\portfolio_app\views.py changed, reloading.
INFO 2025-07-01 14:00:53,625 autoreload Watching for file changes with StatReloader
INFO 2025-07-01 14:02:05,624 autoreload E:\PRACTICE\PORTFOLIOS\LIVE\portfolio_django\portfolio_app\views.py changed, reloading.
INFO 2025-07-01 14:02:06,182 autoreload Watching for file changes with StatReloader
INFO 2025-07-01 14:09:17,451 autoreload E:\PRACTICE\PORTFOLIOS\LIVE\portfolio_django\portfolio_app\views.py changed, reloading.
INFO 2025-07-01 14:09:18,143 autoreload Watching for file changes with StatReloader
INFO 2025-07-01 14:10:19,869 autoreload E:\PRACTICE\PORTFOLIOS\LIVE\portfolio_django\portfolio_app\views.py changed, reloading.
INFO 2025-07-01 14:10:20,422 autoreload Watching for file changes with StatReloader
INFO 2025-07-01 14:13:40,127 autoreload E:\PRACTICE\PORTFOLIOS\LIVE\portfolio_django\portfolio_app\views.py changed, reloading.
INFO 2025-07-01 14:13:40,735 autoreload Watching for file changes with StatReloader
WARNING 2025-07-01 14:14:18,589 log Not Found: /.well-known/appspecific/com.chrome.devtools.json
WARNING 2025-07-01 14:14:54,302 log Not Found: /.well-known/appspecific/com.chrome.devtools.json
INFO 2025-07-01 14:18:02,834 autoreload E:\PRACTICE\PORTFOLIOS\LIVE\portfolio_django\portfolio_app\views.py changed, reloading.
INFO 2025-07-01 14:18:03,915 autoreload Watching for file changes with StatReloader
INFO 2025-07-01 14:19:48,394 autoreload E:\PRACTICE\PORTFOLIOS\LIVE\portfolio_django\portfolio_app\views.py changed, reloading.
INFO 2025-07-01 14:19:49,005 autoreload Watching for file changes with StatReloader
INFO 2025-07-01 14:27:04,500 autoreload E:\PRACTICE\PORTFOLIOS\LIVE\portfolio_django\portfolio_app\views.py changed, reloading.
INFO 2025-07-01 14:27:05,079 autoreload Watching for file changes with StatReloader
INFO 2025-07-01 14:31:38,433 autoreload E:\PRACTICE\PORTFOLIOS\LIVE\portfolio_django\portfolio_app\views.py changed, reloading.
INFO 2025-07-01 14:31:39,150 autoreload Watching for file changes with StatReloader
ERROR 2025-07-01 14:44:34,956 log Internal Server Error: /admin/login/
Traceback (most recent call last):
  File "E:\PRACTICE\PORTFOLIOS\LIVE\portfolio_django\env\Lib\site-packages\django\template\base.py", line 510, in parse
    compile_func = self.tags[command]
                   ~~~~~~~~~^^^^^^^^^
KeyError: 'endif'

During handling of the above exception, another exception occurred:

Traceback (most recent call last):
  File "E:\PRACTICE\PORTFOLIOS\LIVE\portfolio_django\env\Lib\site-packages\django\core\handlers\exception.py", line 55, in inner
    response = get_response(request)
               ^^^^^^^^^^^^^^^^^^^^^
  File "E:\PRACTICE\PORTFOLIOS\LIVE\portfolio_django\env\Lib\site-packages\django\core\handlers\base.py", line 197, in _get_response
    response = wrapped_callback(request, *callback_args, **callback_kwargs)
               ^^^^^^^^^^^^^^^^^^^^^^^^^^^^^^^^^^^^^^^^^^^^^^^^^^^^^^^^^^^^
  File "E:\PRACTICE\PORTFOLIOS\LIVE\portfolio_django\portfolio_app\views.py", line 141, in admin_login_2fa
    return render(request, 'admin/login.html', context)
           ^^^^^^^^^^^^^^^^^^^^^^^^^^^^^^^^^^^^^^^^^^^^
  File "E:\PRACTICE\PORTFOLIOS\LIVE\portfolio_django\env\Lib\site-packages\django\shortcuts.py", line 25, in render
    content = loader.render_to_string(template_name, context, request, using=using)
              ^^^^^^^^^^^^^^^^^^^^^^^^^^^^^^^^^^^^^^^^^^^^^^^^^^^^^^^^^^^^^^^^^^^^^
  File "E:\PRACTICE\PORTFOLIOS\LIVE\portfolio_django\env\Lib\site-packages\django\template\loader.py", line 61, in render_to_string
    template = get_template(template_name, using=using)
               ^^^^^^^^^^^^^^^^^^^^^^^^^^^^^^^^^^^^^^^^
  File "E:\PRACTICE\PORTFOLIOS\LIVE\portfolio_django\env\Lib\site-packages\django\template\loader.py", line 15, in get_template
    return engine.get_template(template_name)
           ^^^^^^^^^^^^^^^^^^^^^^^^^^^^^^^^^^
  File "E:\PRACTICE\PORTFOLIOS\LIVE\portfolio_django\env\Lib\site-packages\django\template\backends\django.py", line 79, in get_template
    return Template(self.engine.get_template(template_name), self)
                    ^^^^^^^^^^^^^^^^^^^^^^^^^^^^^^^^^^^^^^^
  File "E:\PRACTICE\PORTFOLIOS\LIVE\portfolio_django\env\Lib\site-packages\django\template\engine.py", line 177, in get_template
    template, origin = self.find_template(template_name)
                       ^^^^^^^^^^^^^^^^^^^^^^^^^^^^^^^^^
  File "E:\PRACTICE\PORTFOLIOS\LIVE\portfolio_django\env\Lib\site-packages\django\template\engine.py", line 159, in find_template
    template = loader.get_template(name, skip=skip)
               ^^^^^^^^^^^^^^^^^^^^^^^^^^^^^^^^^^^^
  File "E:\PRACTICE\PORTFOLIOS\LIVE\portfolio_django\env\Lib\site-packages\django\template\loaders\cached.py", line 57, in get_template
    template = super().get_template(template_name, skip)
               ^^^^^^^^^^^^^^^^^^^^^^^^^^^^^^^^^^^^^^^^^
  File "E:\PRACTICE\PORTFOLIOS\LIVE\portfolio_django\env\Lib\site-packages\django\template\loaders\base.py", line 28, in get_template
    return Template(
           ^^^^^^^^^
  File "E:\PRACTICE\PORTFOLIOS\LIVE\portfolio_django\env\Lib\site-packages\django\template\base.py", line 154, in __init__
    self.nodelist = self.compile_nodelist()
                    ^^^^^^^^^^^^^^^^^^^^^^^
  File "E:\PRACTICE\PORTFOLIOS\LIVE\portfolio_django\env\Lib\site-packages\django\template\base.py", line 196, in compile_nodelist
    nodelist = parser.parse()
               ^^^^^^^^^^^^^^
  File "E:\PRACTICE\PORTFOLIOS\LIVE\portfolio_django\env\Lib\site-packages\django\template\base.py", line 512, in parse
    self.invalid_block_tag(token, command, parse_until)
  File "E:\PRACTICE\PORTFOLIOS\LIVE\portfolio_django\env\Lib\site-packages\django\template\base.py", line 577, in invalid_block_tag
    raise self.error(
django.template.exceptions.TemplateSyntaxError: Invalid block tag on line 3: 'endif'. Did you forget to register or load this tag?
WARNING 2025-07-01 14:44:35,052 log Not Found: /favicon.ico
INFO 2025-07-01 14:45:33,822 autoreload E:\PRACTICE\PORTFOLIOS\LIVE\portfolio_django\portfolio_app\views.py changed, reloading.
INFO 2025-07-01 14:45:34,452 autoreload Watching for file changes with StatReloader
WARNING 2025-07-01 14:49:23,562 log Not Found: /.well-known/appspecific/com.chrome.devtools.json
WARNING 2025-07-01 14:49:38,318 log Not Found: /.well-known/appspecific/com.chrome.devtools.json
WARNING 2025-07-01 14:52:32,105 log Not Found: /.well-known/appspecific/com.chrome.devtools.json
WARNING 2025-07-01 14:53:24,697 log Not Found: /.well-known/appspecific/com.chrome.devtools.json
WARNING 2025-07-01 14:54:10,054 log Not Found: /.well-known/appspecific/com.chrome.devtools.json
WARNING 2025-07-01 14:56:20,288 log Not Found: /.well-known/appspecific/com.chrome.devtools.json
INFO 2025-07-01 15:24:59,793 autoreload E:\PRACTICE\PORTFOLIOS\LIVE\portfolio_django\portfolio_app\views.py changed, reloading.
INFO 2025-07-01 15:25:01,304 autoreload Watching for file changes with StatReloader
INFO 2025-07-01 15:36:13,278 autoreload E:\PRACTICE\PORTFOLIOS\LIVE\portfolio_django\portfolio_app\views.py changed, reloading.
INFO 2025-07-01 15:36:13,829 autoreload Watching for file changes with StatReloader
INFO 2025-07-01 15:57:42,151 autoreload E:\PRACTICE\PORTFOLIOS\LIVE\portfolio_django\portfolio_app\views.py changed, reloading.
INFO 2025-07-01 15:57:43,375 autoreload Watching for file changes with StatReloader
WARNING 2025-07-01 15:59:38,592 log Not Found: /.well-known/appspecific/com.chrome.devtools.json
WARNING 2025-07-01 16:00:36,303 log Not Found: /.well-known/appspecific/com.chrome.devtools.json
WARNING 2025-07-01 16:00:37,354 log Not Found: /.well-known/appspecific/com.chrome.devtools.json
WARNING 2025-07-01 16:00:38,168 log Not Found: /.well-known/appspecific/com.chrome.devtools.json
WARNING 2025-07-01 16:00:39,606 log Not Found: /.well-known/appspecific/com.chrome.devtools.json
WARNING 2025-07-01 16:00:40,240 log Not Found: /.well-known/appspecific/com.chrome.devtools.json
WARNING 2025-07-01 16:00:41,420 log Not Found: /.well-known/appspecific/com.chrome.devtools.json
INFO 2025-07-01 16:08:12,226 autoreload E:\PRACTICE\PORTFOLIOS\LIVE\portfolio_django\portfolio_app\views.py changed, reloading.
INFO 2025-07-01 16:08:12,842 autoreload Watching for file changes with StatReloader
INFO 2025-07-01 16:08:26,477 autoreload E:\PRACTICE\PORTFOLIOS\LIVE\portfolio_django\portfolio_django\urls.py changed, reloading.
INFO 2025-07-01 16:08:26,995 autoreload Watching for file changes with StatReloader
INFO 2025-07-01 16:25:52,042 autoreload E:\PRACTICE\PORTFOLIOS\LIVE\portfolio_django\portfolio_app\views.py changed, reloading.
INFO 2025-07-01 16:25:53,302 autoreload Watching for file changes with StatReloader
INFO 2025-07-01 16:30:36,014 autoreload E:\PRACTICE\PORTFOLIOS\LIVE\portfolio_django\portfolio_app\views.py changed, reloading.
INFO 2025-07-01 16:30:36,585 autoreload Watching for file changes with StatReloader
INFO 2025-07-01 16:31:23,748 autoreload E:\PRACTICE\PORTFOLIOS\LIVE\portfolio_django\portfolio_app\views.py changed, reloading.
INFO 2025-07-01 16:31:24,392 autoreload Watching for file changes with StatReloader
INFO 2025-07-01 16:31:57,501 autoreload E:\PRACTICE\PORTFOLIOS\LIVE\portfolio_django\portfolio_app\views.py changed, reloading.
INFO 2025-07-01 16:31:58,068 autoreload Watching for file changes with StatReloader
INFO 2025-07-01 16:32:07,892 autoreload Watching for file changes with StatReloader
INFO 2025-07-01 16:32:12,114 autoreload E:\PRACTICE\PORTFOLIOS\LIVE\portfolio_django\portfolio_app\views.py changed, reloading.
INFO 2025-07-01 16:32:12,663 autoreload Watching for file changes with StatReloader
INFO 2025-07-01 16:32:31,123 autoreload E:\PRACTICE\PORTFOLIOS\LIVE\portfolio_django\portfolio_app\views.py changed, reloading.
INFO 2025-07-01 16:32:31,816 autoreload Watching for file changes with StatReloader
INFO 2025-07-01 16:32:40,130 autoreload E:\PRACTICE\PORTFOLIOS\LIVE\portfolio_django\portfolio_app\views.py changed, reloading.
INFO 2025-07-01 16:32:40,668 autoreload Watching for file changes with StatReloader
INFO 2025-07-01 16:33:13,084 autoreload E:\PRACTICE\PORTFOLIOS\LIVE\portfolio_django\portfolio_app\views.py changed, reloading.
INFO 2025-07-01 16:33:13,689 autoreload Watching for file changes with StatReloader
INFO 2025-07-01 16:36:06,989 autoreload E:\PRACTICE\PORTFOLIOS\LIVE\portfolio_django\portfolio_django\urls.py changed, reloading.
INFO 2025-07-01 16:36:07,560 autoreload Watching for file changes with StatReloader
WARNING 2025-07-01 16:37:14,611 log Not Found: /.well-known/appspecific/com.chrome.devtools.json
WARNING 2025-07-01 16:39:20,265 log Not Found: /.well-known/appspecific/com.chrome.devtools.json
INFO 2025-07-01 16:40:33,696 autoreload E:\PRACTICE\PORTFOLIOS\LIVE\portfolio_django\portfolio_app\views.py changed, reloading.
INFO 2025-07-01 16:40:34,752 autoreload Watching for file changes with StatReloader
INFO 2025-07-07 11:38:53,080 autoreload Watching for file changes with StatReloader
INFO 2025-07-07 11:40:01,636 autoreload Watching for file changes with StatReloader
INFO 2025-07-07 11:44:52,406 autoreload E:\WORK_PRACTICE\PORTFOLIOS\LIVE\portfolio_django\portfolio_django\settings.py changed, reloading.
INFO 2025-07-07 11:44:56,765 autoreload Watching for file changes with StatReloader
INFO 2025-07-07 11:46:40,031 autoreload E:\WORK_PRACTICE\PORTFOLIOS\LIVE\portfolio_django\portfolio_django\settings.py changed, reloading.
INFO 2025-07-07 11:46:43,566 autoreload Watching for file changes with StatReloader
INFO 2025-07-07 11:47:13,724 autoreload E:\WORK_PRACTICE\PORTFOLIOS\LIVE\portfolio_django\portfolio_django\settings.py changed, reloading.
INFO 2025-07-07 11:47:16,844 autoreload Watching for file changes with StatReloader
INFO 2025-07-07 11:48:18,538 autoreload E:\WORK_PRACTICE\PORTFOLIOS\LIVE\portfolio_django\portfolio_django\settings.py changed, reloading.
INFO 2025-07-07 11:48:22,908 autoreload Watching for file changes with StatReloader
INFO 2025-07-07 11:48:25,347 autoreload E:\WORK_PRACTICE\PORTFOLIOS\LIVE\portfolio_django\portfolio_django\settings.py changed, reloading.
INFO 2025-07-07 11:48:28,742 autoreload Watching for file changes with StatReloader
INFO 2025-07-07 11:48:48,894 autoreload Watching for file changes with StatReloader
INFO 2025-07-07 11:49:31,992 autoreload E:\WORK_PRACTICE\PORTFOLIOS\LIVE\portfolio_django\portfolio_django\settings.py changed, reloading.
INFO 2025-07-07 11:49:36,368 autoreload Watching for file changes with StatReloader
INFO 2025-07-07 11:49:39,131 autoreload E:\WORK_PRACTICE\PORTFOLIOS\LIVE\portfolio_django\portfolio_django\settings.py changed, reloading.
INFO 2025-07-07 11:49:42,921 autoreload Watching for file changes with StatReloader
INFO 2025-07-07 11:50:20,023 autoreload E:\WORK_PRACTICE\PORTFOLIOS\LIVE\portfolio_django\portfolio_django\settings.py changed, reloading.
INFO 2025-07-07 11:50:23,559 autoreload Watching for file changes with StatReloader
INFO 2025-07-07 11:50:27,057 autoreload E:\WORK_PRACTICE\PORTFOLIOS\LIVE\portfolio_django\portfolio_django\settings.py changed, reloading.
INFO 2025-07-07 11:50:31,362 autoreload Watching for file changes with StatReloader
INFO 2025-07-07 11:51:30,416 autoreload Watching for file changes with StatReloader
INFO 2025-07-07 11:52:36,865 autoreload Watching for file changes with StatReloader
INFO 2025-07-07 11:53:15,082 autoreload E:\WORK_PRACTICE\PORTFOLIOS\LIVE\portfolio_django\portfolio_django\settings.py changed, reloading.
INFO 2025-07-07 11:53:19,504 autoreload Watching for file changes with StatReloader
INFO 2025-07-07 11:54:08,770 autoreload E:\WORK_PRACTICE\PORTFOLIOS\LIVE\portfolio_django\portfolio_django\settings.py changed, reloading.
INFO 2025-07-07 11:54:24,507 autoreload Watching for file changes with StatReloader
INFO 2025-07-07 11:54:50,976 autoreload Watching for file changes with StatReloader
INFO 2025-07-07 11:56:12,150 autoreload E:\WORK_PRACTICE\PORTFOLIOS\LIVE\portfolio_django\portfolio_django\settings.py changed, reloading.
INFO 2025-07-07 11:56:17,151 autoreload Watching for file changes with StatReloader
INFO 2025-07-07 11:56:33,634 autoreload E:\WORK_PRACTICE\PORTFOLIOS\LIVE\portfolio_django\portfolio_django\settings.py changed, reloading.
INFO 2025-07-07 11:56:36,618 autoreload Watching for file changes with StatReloader
INFO 2025-07-07 11:58:20,743 autoreload Watching for file changes with StatReloader
WARNING 2025-07-07 12:05:14,575 log Not Found: /.well-known/appspecific/com.chrome.devtools.json
INFO 2025-07-07 12:05:42,793 autoreload Watching for file changes with StatReloader
INFO 2025-07-07 12:13:55,341 autoreload E:\WORK_PRACTICE\PORTFOLIOS\LIVE\portfolio_django\portfolio_app\views.py changed, reloading.
INFO 2025-07-07 12:13:56,221 autoreload Watching for file changes with StatReloader
INFO 2025-07-07 12:15:31,513 autoreload E:\WORK_PRACTICE\PORTFOLIOS\LIVE\portfolio_django\portfolio_app\views.py changed, reloading.
INFO 2025-07-07 12:15:32,070 autoreload Watching for file changes with StatReloader
INFO 2025-07-07 12:20:38,364 autoreload E:\WORK_PRACTICE\PORTFOLIOS\LIVE\portfolio_django\portfolio_app\views.py changed, reloading.
INFO 2025-07-07 12:20:39,250 autoreload Watching for file changes with StatReloader
INFO 2025-07-07 12:21:04,127 autoreload E:\WORK_PRACTICE\PORTFOLIOS\LIVE\portfolio_django\portfolio_app\views.py changed, reloading.
INFO 2025-07-07 12:21:04,667 autoreload Watching for file changes with StatReloader
INFO 2025-07-07 12:21:36,671 autoreload E:\WORK_PRACTICE\PORTFOLIOS\LIVE\portfolio_django\portfolio_app\views.py changed, reloading.
INFO 2025-07-07 12:21:37,246 autoreload Watching for file changes with StatReloader
INFO 2025-07-07 12:21:38,667 autoreload E:\WORK_PRACTICE\PORTFOLIOS\LIVE\portfolio_django\portfolio_app\views.py changed, reloading.
INFO 2025-07-07 12:21:39,269 autoreload Watching for file changes with StatReloader
INFO 2025-07-07 12:22:26,521 autoreload E:\WORK_PRACTICE\PORTFOLIOS\LIVE\portfolio_django\portfolio_app\views.py changed, reloading.
INFO 2025-07-07 12:22:27,093 autoreload Watching for file changes with StatReloader
INFO 2025-07-07 12:25:17,746 autoreload E:\WORK_PRACTICE\PORTFOLIOS\LIVE\portfolio_django\portfolio_app\forms.py changed, reloading.
INFO 2025-07-07 12:25:18,525 autoreload Watching for file changes with StatReloader
INFO 2025-07-07 12:25:24,317 autoreload E:\WORK_PRACTICE\PORTFOLIOS\LIVE\portfolio_django\portfolio_app\forms.py changed, reloading.
INFO 2025-07-07 12:25:25,006 autoreload Watching for file changes with StatReloader
INFO 2025-07-07 12:25:48,937 autoreload E:\WORK_PRACTICE\PORTFOLIOS\LIVE\portfolio_django\portfolio_app\forms.py changed, reloading.
INFO 2025-07-07 12:25:49,493 autoreload Watching for file changes with StatReloader
INFO 2025-07-07 13:12:33,192 autoreload E:\WORK_PRACTICE\PORTFOLIOS\LIVE\portfolio_django\portfolio_app\forms.py changed, reloading.
INFO 2025-07-07 13:12:35,276 autoreload Watching for file changes with StatReloader
INFO 2025-07-07 13:14:47,728 autoreload E:\WORK_PRACTICE\PORTFOLIOS\LIVE\portfolio_django\portfolio_app\forms.py changed, reloading.
INFO 2025-07-07 13:14:48,334 autoreload Watching for file changes with StatReloader
INFO 2025-07-07 13:15:06,026 autoreload E:\WORK_PRACTICE\PORTFOLIOS\LIVE\portfolio_django\portfolio_app\forms.py changed, reloading.
INFO 2025-07-07 13:15:06,577 autoreload Watching for file changes with StatReloader
INFO 2025-07-07 13:28:20,301 autoreload E:\WORK_PRACTICE\PORTFOLIOS\LIVE\portfolio_django\portfolio_django\settings.py changed, reloading.
INFO 2025-07-07 13:28:22,025 autoreload Watching for file changes with StatReloader
INFO 2025-07-07 13:28:50,057 autoreload E:\WORK_PRACTICE\PORTFOLIOS\LIVE\portfolio_django\portfolio_django\settings.py changed, reloading.
INFO 2025-07-07 13:28:50,561 autoreload Watching for file changes with StatReloader
INFO 2025-07-07 13:28:51,913 autoreload E:\WORK_PRACTICE\PORTFOLIOS\LIVE\portfolio_django\portfolio_django\settings.py changed, reloading.
INFO 2025-07-07 13:28:52,581 autoreload Watching for file changes with StatReloader
